

  Data Dictionary imported from:  C:/Users/lisa/OneDrive - UHN/exceldata/inst/extdata/exampleData.xlsx from sheet:  DataDictionary

  Data read in from Excel file : C:/Users/lisa/OneDrive - UHN/exceldata/inst/extdata/exampleData.xlsx  from sheet:  DataEntry

  Data Dictionary imported from:  C:/Users/lisa/OneDrive - UHN/exceldata/inst/extdata/exampleData.xlsx from sheet:  DataDictionary

  Data read in from Excel file : C:/Users/lisa/OneDrive - UHN/exceldata/inst/extdata/exampleData.xlsx  from sheet:  DataEntry

  Data Dictionary imported from:  C:/Users/lisa/OneDrive - UHN/exceldata/inst/extdata/exampleData.xlsx from sheet:  DataDictionary

  Data read in from Excel file : C:/Users/lisa/OneDrive - UHN/exceldata/inst/extdata/exampleData.xlsx  from sheet:  DataEntry

  Data Dictionary imported from:  C:/Users/lisa/OneDrive - UHN/exceldata/inst/extdata/exampleData_withErrors.xlsx from sheet:  DataDictionary

  Data read in from Excel file : C:/Users/lisa/OneDrive - UHN/exceldata/inst/extdata/exampleData_withErrors.xlsx  from sheet:  DataEntry

  Data Dictionary imported from:  C:/Users/lisa/AppData/Local/Temp/RtmpMLO2ZD/exceldata.Rcheck/exceldata/extdata/exampleData.xlsx from sheet:  DataDictionary

  Data read in from Excel file : C:/Users/lisa/AppData/Local/Temp/RtmpMLO2ZD/exceldata.Rcheck/exceldata/extdata/exampleData.xlsx  from sheet:  DataEntry

  Factor structure added for:  Gender

            

  factorVar   f 

          m   0 

          f 108

  Factor structure added for:  T_Stage

            

  factorVar T0 T1 T2 T3 T4 

         T0 24  0  0  0  0 

         T1  0 25  0  0  0 

         T2  0  0 25  0  0 

         T3  0  0  0 17  0 

         T4  0  0  0  0 17

  Data Dictionary imported from:  C:/Users/lisa/AppData/Local/Temp/RtmpMLO2ZD/exceldata.Rcheck/exceldata/extdata/exampleData.xlsx from sheet:  DataDictionary

  Data read in from Excel file : C:/Users/lisa/AppData/Local/Temp/RtmpMLO2ZD/exceldata.Rcheck/exceldata/extdata/exampleData.xlsx  from sheet:  DataEntry

  Data Dictionary imported from:  C:/Users/lisa/AppData/Local/Temp/RtmpMLO2ZD/exceldata.Rcheck/exceldata/extdata/exampleData_withErrors.xlsx from sheet:  DataDictionary

  Data read in from Excel file : C:/Users/lisa/AppData/Local/Temp/RtmpMLO2ZD/exceldata.Rcheck/exceldata/extdata/exampleData_withErrors.xlsx  from sheet:  DataEntry

  Data Dictionary imported from:  C:/Users/lisa/AppData/Local/Temp/RtmpMLO2ZD/exceldata.Rcheck/exceldata/extdata/exampleData.xlsx from sheet:  DataDictionary

  Data read in from Excel file : C:/Users/lisa/AppData/Local/Temp/RtmpMLO2ZD/exceldata.Rcheck/exceldata/extdata/exampleData.xlsx  from sheet:  DataEntry

  Factor structure added for:  Gender

            

  factorVar   f 

          m   0 

          f 108

  Factor structure added for:  T_Stage

            

  factorVar T0 T1 T2 T3 T4 

         T0 24  0  0  0  0 

         T1  0 25  0  0  0 

         T2  0  0 25  0  0 

         T3  0  0  0 17  0 

         T4  0  0  0  0 17

  New recoded variables created:  T0_Stg  from  T_Stage

         

         T0 T1 T2 T3 T4 

    T0   24  0  0  0  0 

    T1up  0 25 25 17 17